# JRE version: OpenJDK Runtime Environment (11.0.8+10) (build 11.0.8+10-b944.6842174)
# Java VM: OpenJDK 64-Bit Server VM (11.0.8+10-b944.6842174, mixed mode, tiered, compressed oops, g1 gc, windows-amd64)
Heap:
 garbage-first heap   total 284672K, used 150528K [0x0000000080000000, 0x0000000100000000)
  region size 1024K, 46 young (47104K), 6 survivors (6144K)
 Metaspace       used 113658K, capacity 116682K, committed 117000K, reserved 1150976K
  class space    used 14069K, capacity 15103K, committed 15184K, reserved 1048576K
GC Heap History (20 events):
Event: 21.058 GC heap before
{Heap before GC invocations=17 (full 0):
 garbage-first heap   total 236544K, used 189543K [0x0000000080000000, 0x0000000100000000)
  region size 1024K, 106 young (108544K), 10 survivors (10240K)
 Metaspace       used 97544K, capacity 99924K, committed 100048K, reserved 1136640K
  class space    used 12494K, capacity 13238K, committed 13264K, reserved 1048576K
}
Event: 21.073 GC heap after
{Heap after GC invocations=18 (full 0):
 garbage-first heap   total 236544K, used 95627K [0x0000000080000000, 0x0000000100000000)
  region size 1024K, 7 young (7168K), 7 survivors (7168K)
 Metaspace       used 97544K, capacity 99924K, committed 100048K, reserved 1136640K
  class space    used 12494K, capacity 13238K, committed 13264K, reserved 1048576K
}
Event: 22.546 GC heap before
{Heap before GC invocations=18 (full 0):
 garbage-first heap   total 236544K, used 97675K [0x0000000080000000, 0x0000000100000000)
  region size 1024K, 10 young (10240K), 7 survivors (7168K)
 Metaspace       used 98156K, capacity 100416K, committed 100616K, reserved 1136640K
  class space    used 12564K, capacity 13274K, committed 13392K, reserved 1048576K
}
Event: 22.585 GC heap after
{Heap after GC invocations=19 (full 0):
 garbage-first heap   total 236544K, used 96136K [0x0000000080000000, 0x0000000100000000)
  region size 1024K, 8 young (8192K), 8 survivors (8192K)
 Metaspace       used 98156K, capacity 100416K, committed 100616K, reserved 1136640K
  class space    used 12564K, capacity 13274K, committed 13392K, reserved 1048576K
}
Event: 28.021 GC heap before
{Heap before GC invocations=20 (full 0):
 garbage-first heap   total 236544K, used 162696K [0x0000000080000000, 0x0000000100000000)
  region size 1024K, 74 young (75776K), 8 survivors (8192K)
 Metaspace       used 100610K, capacity 102974K, committed 103176K, reserved 1138688K
  class space    used 12835K, capacity 13603K, committed 13648K, reserved 1048576K
}
Event: 28.036 GC heap after
{Heap after GC invocations=21 (full 0):
 garbage-first heap   total 284672K, used 99461K [0x0000000080000000, 0x0000000100000000)
  region size 1024K, 9 young (9216K), 9 survivors (9216K)
 Metaspace       used 100610K, capacity 102974K, committed 103176K, reserved 1138688K
  class space    used 12835K, capacity 13603K, committed 13648K, reserved 1048576K
}
Event: 30.597 GC heap before
{Heap before GC invocations=21 (full 0):
 garbage-first heap   total 284672K, used 195717K [0x0000000080000000, 0x0000000100000000)
  region size 1024K, 103 young (105472K), 9 survivors (9216K)
 Metaspace       used 109607K, capacity 112397K, committed 112520K, reserved 1146880K
  class space    used 13819K, capacity 14758K, committed 14800K, reserved 1048576K
}
Event: 30.619 GC heap after
{Heap after GC invocations=22 (full 0):
 garbage-first heap   total 284672K, used 104312K [0x0000000080000000, 0x0000000100000000)
  region size 1024K, 9 young (9216K), 9 survivors (9216K)
 Metaspace       used 109607K, capacity 112397K, committed 112520K, reserved 1146880K
  class space    used 13819K, capacity 14758K, committed 14800K, reserved 1048576K
}
Event: 357.308 GC heap before
{Heap before GC invocations=22 (full 0):
 garbage-first heap   total 284672K, used 203640K [0x0000000080000000, 0x0000000100000000)
  region size 1024K, 106 young (108544K), 9 survivors (9216K)
 Metaspace       used 111284K, capacity 114079K, committed 114184K, reserved 1148928K
  class space    used 13908K, capacity 14911K, committed 14928K, reserved 1048576K
}
Event: 357.335 GC heap after
{Heap after GC invocations=23 (full 0):
 garbage-first heap   total 284672K, used 110456K [0x0000000080000000, 0x0000000100000000)
  region size 1024K, 11 young (11264K), 11 survivors (11264K)
 Metaspace       used 111284K, capacity 114079K, committed 114184K, reserved 1148928K
  class space    used 13908K, capacity 14911K, committed 14928K, reserved 1048576K
}
Event: 360.011 GC heap before
{Heap before GC invocations=23 (full 0):
 garbage-first heap   total 284672K, used 209784K [0x0000000080000000, 0x0000000100000000)
  region size 1024K, 109 young (111616K), 11 survivors (11264K)
 Metaspace       used 111564K, capacity 114346K, committed 114440K, reserved 1148928K
  class space    used 13916K, capacity 14926K, committed 14928K, reserved 1048576K
}
Event: 360.033 GC heap after
{Heap after GC invocations=24 (full 0):
 garbage-first heap   total 284672K, used 113014K [0x0000000080000000, 0x0000000100000000)
  region size 1024K, 9 young (9216K), 9 survivors (9216K)
 Metaspace       used 111564K, capacity 114346K, committed 114440K, reserved 1148928K
  class space    used 13916K, capacity 14926K, committed 14928K, reserved 1048576K
}
Event: 4362.488 GC heap before
{Heap before GC invocations=24 (full 0):
 garbage-first heap   total 284672K, used 215414K [0x0000000080000000, 0x0000000100000000)
  region size 1024K, 109 young (111616K), 9 survivors (9216K)
 Metaspace       used 111935K, capacity 114827K, committed 115080K, reserved 1148928K
  class space    used 13922K, capacity 14931K, committed 15056K, reserved 1048576K
}
Event: 4362.512 GC heap after
{Heap after GC invocations=25 (full 0):
 garbage-first heap   total 284672K, used 107308K [0x0000000080000000, 0x0000000100000000)
  region size 1024K, 2 young (2048K), 2 survivors (2048K)
 Metaspace       used 111935K, capacity 114827K, committed 115080K, reserved 1148928K
  class space    used 13922K, capacity 14931K, committed 15056K, reserved 1048576K
}
Event: 5986.627 GC heap before
{Heap before GC invocations=25 (full 0):
 garbage-first heap   total 284672K, used 216876K [0x0000000080000000, 0x0000000100000000)
  region size 1024K, 110 young (112640K), 2 survivors (2048K)
 Metaspace       used 112857K, capacity 115768K, committed 115848K, reserved 1150976K
  class space    used 14011K, capacity 15025K, committed 15056K, reserved 1048576K
}
Event: 5986.638 GC heap after
{Heap after GC invocations=26 (full 0):
 garbage-first heap   total 284672K, used 112114K [0x0000000080000000, 0x0000000100000000)
  region size 1024K, 7 young (7168K), 7 survivors (7168K)
 Metaspace       used 112857K, capacity 115768K, committed 115848K, reserved 1150976K
  class space    used 14011K, capacity 15025K, committed 15056K, reserved 1048576K
}
Event: 7433.171 GC heap before
{Heap before GC invocations=26 (full 0):
 garbage-first heap   total 284672K, used 224754K [0x0000000080000000, 0x0000000100000000)
  region size 1024K, 118 young (120832K), 7 survivors (7168K)
 Metaspace       used 113316K, capacity 116251K, committed 116360K, reserved 1150976K
  class space    used 14059K, capacity 15055K, committed 15056K, reserved 1048576K
}
Event: 7433.181 GC heap after
{Heap after GC invocations=27 (full 0):
 garbage-first heap   total 284672K, used 109568K [0x0000000080000000, 0x0000000100000000)
  region size 1024K, 4 young (4096K), 4 survivors (4096K)
 Metaspace       used 113316K, capacity 116251K, committed 116360K, reserved 1150976K
  class space    used 14059K, capacity 15055K, committed 15056K, reserved 1048576K
}
Event: 7434.699 GC heap before
{Heap before GC invocations=27 (full 0):
 garbage-first heap   total 284672K, used 230400K [0x0000000080000000, 0x0000000100000000)
  region size 1024K, 123 young (125952K), 4 survivors (4096K)
 Metaspace       used 113599K, capacity 116676K, committed 117000K, reserved 1150976K
  class space    used 14069K, capacity 15102K, committed 15184K, reserved 1048576K
}
Event: 7434.709 GC heap after
{Heap after GC invocations=28 (full 0):
 garbage-first heap   total 284672K, used 111616K [0x0000000080000000, 0x0000000100000000)
  region size 1024K, 6 young (6144K), 6 survivors (6144K)
 Metaspace       used 113599K, capacity 116676K, committed 117000K, reserved 1150976K
  class space    used 14069K, capacity 15102K, committed 15184K, reserved 1048576K
}

