# JRE version: OpenJDK Runtime Environment (11.0.8+10) (build 11.0.8+10-b944.6842174)
# Java VM: OpenJDK 64-Bit Server VM (11.0.8+10-b944.6842174, mixed mode, tiered, compressed oops, g1 gc, windows-amd64)
Heap:
 garbage-first heap   total 236544K, used 90234K [0x0000000080000000, 0x0000000100000000)
  region size 1024K, 27 young (27648K), 4 survivors (4096K)
 Metaspace       used 61652K, capacity 63391K, committed 63652K, reserved 1103872K
  class space    used 7777K, capacity 8322K, committed 8396K, reserved 1048576K
GC Heap History (20 events):
Event: 0.462 GC heap before
{Heap before GC invocations=0 (full 0):
 garbage-first heap   total 196608K, used 19456K [0x0000000080000000, 0x0000000100000000)
  region size 1024K, 14 young (14336K), 0 survivors (0K)
 Metaspace       used 7389K, capacity 7503K, committed 7680K, reserved 1056768K
  class space    used 674K, capacity 716K, committed 768K, reserved 1048576K
}
Event: 0.466 GC heap after
{Heap after GC invocations=1 (full 0):
 garbage-first heap   total 196608K, used 7675K [0x0000000080000000, 0x0000000100000000)
  region size 1024K, 2 young (2048K), 2 survivors (2048K)
 Metaspace       used 7389K, capacity 7503K, committed 7680K, reserved 1056768K
  class space    used 674K, capacity 716K, committed 768K, reserved 1048576K
}
Event: 0.784 GC heap before
{Heap before GC invocations=1 (full 0):
 garbage-first heap   total 196608K, used 19963K [0x0000000080000000, 0x0000000100000000)
  region size 1024K, 14 young (14336K), 2 survivors (2048K)
 Metaspace       used 10841K, capacity 11064K, committed 11264K, reserved 1058816K
  class space    used 1145K, capacity 1201K, committed 1280K, reserved 1048576K
}
Event: 0.787 GC heap after
{Heap after GC invocations=2 (full 0):
 garbage-first heap   total 196608K, used 8723K [0x0000000080000000, 0x0000000100000000)
  region size 1024K, 1 young (1024K), 1 survivors (1024K)
 Metaspace       used 10841K, capacity 11064K, committed 11264K, reserved 1058816K
  class space    used 1145K, capacity 1201K, committed 1280K, reserved 1048576K
}
Event: 1.050 GC heap before
{Heap before GC invocations=2 (full 0):
 garbage-first heap   total 196608K, used 37395K [0x0000000080000000, 0x0000000100000000)
  region size 1024K, 30 young (30720K), 1 survivors (1024K)
 Metaspace       used 11021K, capacity 11257K, committed 11520K, reserved 1058816K
  class space    used 1147K, capacity 1201K, committed 1280K, reserved 1048576K
}
Event: 1.054 GC heap after
{Heap after GC invocations=3 (full 0):
 garbage-first heap   total 196608K, used 12881K [0x0000000080000000, 0x0000000100000000)
  region size 1024K, 4 young (4096K), 4 survivors (4096K)
 Metaspace       used 11021K, capacity 11257K, committed 11520K, reserved 1058816K
  class space    used 1147K, capacity 1201K, committed 1280K, reserved 1048576K
}
Event: 2.478 GC heap before
{Heap before GC invocations=3 (full 0):
 garbage-first heap   total 196608K, used 55889K [0x0000000080000000, 0x0000000100000000)
  region size 1024K, 46 young (47104K), 4 survivors (4096K)
 Metaspace       used 18994K, capacity 19518K, committed 19712K, reserved 1067008K
  class space    used 2295K, capacity 2469K, committed 2560K, reserved 1048576K
}
Event: 2.484 GC heap after
{Heap after GC invocations=4 (full 0):
 garbage-first heap   total 196608K, used 16060K [0x0000000080000000, 0x0000000100000000)
  region size 1024K, 3 young (3072K), 3 survivors (3072K)
 Metaspace       used 18994K, capacity 19518K, committed 19712K, reserved 1067008K
  class space    used 2295K, capacity 2469K, committed 2560K, reserved 1048576K
}
Event: 2.610 GC heap before
{Heap before GC invocations=4 (full 0):
 garbage-first heap   total 196608K, used 27324K [0x0000000080000000, 0x0000000100000000)
  region size 1024K, 15 young (15360K), 3 survivors (3072K)
 Metaspace       used 20595K, capacity 21127K, committed 21296K, reserved 1069056K
  class space    used 2522K, capacity 2691K, committed 2816K, reserved 1048576K
}
Event: 2.614 GC heap after
{Heap after GC invocations=5 (full 0):
 garbage-first heap   total 196608K, used 16421K [0x0000000080000000, 0x0000000100000000)
  region size 1024K, 4 young (4096K), 4 survivors (4096K)
 Metaspace       used 20595K, capacity 21127K, committed 21296K, reserved 1069056K
  class space    used 2522K, capacity 2691K, committed 2816K, reserved 1048576K
}
Event: 3.286 GC heap before
{Heap before GC invocations=6 (full 0):
 garbage-first heap   total 196608K, used 84005K [0x0000000080000000, 0x0000000100000000)
  region size 1024K, 61 young (62464K), 4 survivors (4096K)
 Metaspace       used 26594K, capacity 27414K, committed 27648K, reserved 1073152K
  class space    used 3482K, capacity 3725K, committed 3840K, reserved 1048576K
}
Event: 3.293 GC heap after
{Heap after GC invocations=7 (full 0):
 garbage-first heap   total 196608K, used 30515K [0x0000000080000000, 0x0000000100000000)
  region size 1024K, 8 young (8192K), 8 survivors (8192K)
 Metaspace       used 26594K, capacity 27414K, committed 27648K, reserved 1073152K
  class space    used 3482K, capacity 3725K, committed 3840K, reserved 1048576K
}
Event: 4.124 GC heap before
{Heap before GC invocations=7 (full 0):
 garbage-first heap   total 196608K, used 76595K [0x0000000080000000, 0x0000000100000000)
  region size 1024K, 54 young (55296K), 8 survivors (8192K)
 Metaspace       used 34991K, capacity 35791K, committed 35840K, reserved 1081344K
  class space    used 4543K, capacity 4859K, committed 4864K, reserved 1048576K
}
Event: 4.134 GC heap after
{Heap after GC invocations=8 (full 0):
 garbage-first heap   total 196608K, used 33411K [0x0000000080000000, 0x0000000100000000)
  region size 1024K, 9 young (9216K), 9 survivors (9216K)
 Metaspace       used 34991K, capacity 35791K, committed 35840K, reserved 1081344K
  class space    used 4543K, capacity 4859K, committed 4864K, reserved 1048576K
}
Event: 5.720 GC heap before
{Heap before GC invocations=9 (full 0):
 garbage-first heap   total 196608K, used 122499K [0x0000000080000000, 0x0000000100000000)
  region size 1024K, 86 young (88064K), 9 survivors (9216K)
 Metaspace       used 42899K, capacity 44073K, committed 44288K, reserved 1087488K
  class space    used 5436K, capacity 5801K, committed 5888K, reserved 1048576K
}
Event: 5.739 GC heap after
{Heap after GC invocations=10 (full 0):
 garbage-first heap   total 236544K, used 47360K [0x0000000080000000, 0x0000000100000000)
  region size 1024K, 10 young (10240K), 10 survivors (10240K)
 Metaspace       used 42899K, capacity 44073K, committed 44288K, reserved 1087488K
  class space    used 5436K, capacity 5801K, committed 5888K, reserved 1048576K
}
Event: 7.067 GC heap before
{Heap before GC invocations=10 (full 0):
 garbage-first heap   total 236544K, used 160000K [0x0000000080000000, 0x0000000100000000)
  region size 1024K, 115 young (117760K), 10 survivors (10240K)
 Metaspace       used 48875K, capacity 50310K, committed 50432K, reserved 1093632K
  class space    used 6205K, capacity 6634K, committed 6656K, reserved 1048576K
}
Event: 7.085 GC heap after
{Heap after GC invocations=11 (full 0):
 garbage-first heap   total 236544K, used 64072K [0x0000000080000000, 0x0000000100000000)
  region size 1024K, 15 young (15360K), 15 survivors (15360K)
 Metaspace       used 48875K, capacity 50310K, committed 50432K, reserved 1093632K
  class space    used 6205K, capacity 6634K, committed 6656K, reserved 1048576K
}
Event: 8.613 GC heap before
{Heap before GC invocations=11 (full 0):
 garbage-first heap   total 236544K, used 136776K [0x0000000080000000, 0x0000000100000000)
  region size 1024K, 87 young (89088K), 15 survivors (15360K)
 Metaspace       used 58755K, capacity 60313K, committed 60376K, reserved 1101824K
  class space    used 7411K, capacity 7918K, committed 7936K, reserved 1048576K
}
Event: 8.636 GC heap after
{Heap after GC invocations=12 (full 0):
 garbage-first heap   total 236544K, used 68730K [0x0000000080000000, 0x0000000100000000)
  region size 1024K, 4 young (4096K), 4 survivors (4096K)
 Metaspace       used 58755K, capacity 60313K, committed 60376K, reserved 1101824K
  class space    used 7411K, capacity 7918K, committed 7936K, reserved 1048576K
}

