# JRE version: OpenJDK Runtime Environment (11.0.8+10) (build 11.0.8+10-b944.6842174)
# Java VM: OpenJDK 64-Bit Server VM (11.0.8+10-b944.6842174, mixed mode, tiered, compressed oops, g1 gc, windows-amd64)
Heap:
 garbage-first heap   total 236544K, used 47343K [0x0000000080000000, 0x0000000100000000)
  region size 1024K, 10 young (10240K), 10 survivors (10240K)
 Metaspace       used 42912K, capacity 44090K, committed 44288K, reserved 1087488K
  class space    used 5429K, capacity 5804K, committed 5888K, reserved 1048576K
GC Heap History (15 events):
Event: 0.402 GC heap before
{Heap before GC invocations=0 (full 0):
 garbage-first heap   total 196608K, used 19456K [0x0000000080000000, 0x0000000100000000)
  region size 1024K, 14 young (14336K), 0 survivors (0K)
 Metaspace       used 7375K, capacity 7503K, committed 7680K, reserved 1056768K
  class space    used 675K, capacity 716K, committed 768K, reserved 1048576K
}
Event: 0.406 GC heap after
{Heap after GC invocations=1 (full 0):
 garbage-first heap   total 196608K, used 7629K [0x0000000080000000, 0x0000000100000000)
  region size 1024K, 2 young (2048K), 2 survivors (2048K)
 Metaspace       used 7375K, capacity 7503K, committed 7680K, reserved 1056768K
  class space    used 675K, capacity 716K, committed 768K, reserved 1048576K
}
Event: 0.672 GC heap before
{Heap before GC invocations=1 (full 0):
 garbage-first heap   total 196608K, used 19917K [0x0000000080000000, 0x0000000100000000)
  region size 1024K, 14 young (14336K), 2 survivors (2048K)
 Metaspace       used 10837K, capacity 11063K, committed 11264K, reserved 1058816K
  class space    used 1145K, capacity 1201K, committed 1280K, reserved 1048576K
}
Event: 0.675 GC heap after
{Heap after GC invocations=2 (full 0):
 garbage-first heap   total 196608K, used 8760K [0x0000000080000000, 0x0000000100000000)
  region size 1024K, 1 young (1024K), 1 survivors (1024K)
 Metaspace       used 10837K, capacity 11063K, committed 11264K, reserved 1058816K
  class space    used 1145K, capacity 1201K, committed 1280K, reserved 1048576K
}
Event: 0.912 GC heap before
{Heap before GC invocations=2 (full 0):
 garbage-first heap   total 196608K, used 37432K [0x0000000080000000, 0x0000000100000000)
  region size 1024K, 30 young (30720K), 1 survivors (1024K)
 Metaspace       used 11023K, capacity 11256K, committed 11520K, reserved 1058816K
  class space    used 1147K, capacity 1201K, committed 1280K, reserved 1048576K
}
Event: 0.916 GC heap after
{Heap after GC invocations=3 (full 0):
 garbage-first heap   total 196608K, used 13022K [0x0000000080000000, 0x0000000100000000)
  region size 1024K, 4 young (4096K), 4 survivors (4096K)
 Metaspace       used 11023K, capacity 11256K, committed 11520K, reserved 1058816K
  class space    used 1147K, capacity 1201K, committed 1280K, reserved 1048576K
}
Event: 2.433 GC heap before
{Heap before GC invocations=3 (full 0):
 garbage-first heap   total 196608K, used 56030K [0x0000000080000000, 0x0000000100000000)
  region size 1024K, 46 young (47104K), 4 survivors (4096K)
 Metaspace       used 19003K, capacity 19581K, committed 19712K, reserved 1067008K
  class space    used 2295K, capacity 2469K, committed 2560K, reserved 1048576K
}
Event: 2.440 GC heap after
{Heap after GC invocations=4 (full 0):
 garbage-first heap   total 196608K, used 16096K [0x0000000080000000, 0x0000000100000000)
  region size 1024K, 3 young (3072K), 3 survivors (3072K)
 Metaspace       used 19003K, capacity 19581K, committed 19712K, reserved 1067008K
  class space    used 2295K, capacity 2469K, committed 2560K, reserved 1048576K
}
Event: 2.561 GC heap before
{Heap before GC invocations=4 (full 0):
 garbage-first heap   total 196608K, used 27360K [0x0000000080000000, 0x0000000100000000)
  region size 1024K, 15 young (15360K), 3 survivors (3072K)
 Metaspace       used 20605K, capacity 21126K, committed 21296K, reserved 1069056K
  class space    used 2524K, capacity 2691K, committed 2816K, reserved 1048576K
}
Event: 2.566 GC heap after
{Heap after GC invocations=5 (full 0):
 garbage-first heap   total 196608K, used 16539K [0x0000000080000000, 0x0000000100000000)
  region size 1024K, 4 young (4096K), 4 survivors (4096K)
 Metaspace       used 20605K, capacity 21126K, committed 21296K, reserved 1069056K
  class space    used 2524K, capacity 2691K, committed 2816K, reserved 1048576K
}
Event: 3.339 GC heap before
{Heap before GC invocations=6 (full 0):
 garbage-first heap   total 196608K, used 83099K [0x0000000080000000, 0x0000000100000000)
  region size 1024K, 61 young (62464K), 4 survivors (4096K)
 Metaspace       used 26625K, capacity 27437K, committed 27648K, reserved 1073152K
  class space    used 3484K, capacity 3729K, committed 3840K, reserved 1048576K
}
Event: 3.346 GC heap after
{Heap after GC invocations=7 (full 0):
 garbage-first heap   total 196608K, used 30648K [0x0000000080000000, 0x0000000100000000)
  region size 1024K, 8 young (8192K), 8 survivors (8192K)
 Metaspace       used 26625K, capacity 27437K, committed 27648K, reserved 1073152K
  class space    used 3484K, capacity 3729K, committed 3840K, reserved 1048576K
}
Event: 4.334 GC heap before
{Heap before GC invocations=7 (full 0):
 garbage-first heap   total 196608K, used 75704K [0x0000000080000000, 0x0000000100000000)
  region size 1024K, 54 young (55296K), 8 survivors (8192K)
 Metaspace       used 35008K, capacity 35782K, committed 35840K, reserved 1081344K
  class space    used 4539K, capacity 4831K, committed 4864K, reserved 1048576K
}
Event: 4.344 GC heap after
{Heap after GC invocations=8 (full 0):
 garbage-first heap   total 196608K, used 34293K [0x0000000080000000, 0x0000000100000000)
  region size 1024K, 9 young (9216K), 9 survivors (9216K)
 Metaspace       used 35008K, capacity 35782K, committed 35840K, reserved 1081344K
  class space    used 4539K, capacity 4831K, committed 4864K, reserved 1048576K
}
Event: 5.527 GC heap before
{Heap before GC invocations=9 (full 0):
 garbage-first heap   total 196608K, used 123381K [0x0000000080000000, 0x0000000100000000)
  region size 1024K, 86 young (88064K), 9 survivors (9216K)
 Metaspace       used 42912K, capacity 44090K, committed 44288K, reserved 1087488K
  class space    used 5429K, capacity 5804K, committed 5888K, reserved 1048576K
}

