# JRE version: OpenJDK Runtime Environment (11.0.8+10) (build 11.0.8+10-b944.6842174)
# Java VM: OpenJDK 64-Bit Server VM (11.0.8+10-b944.6842174, mixed mode, tiered, compressed oops, g1 gc, windows-amd64)
Heap:
 garbage-first heap   total 236544K, used 109049K [0x0000000080000000, 0x0000000100000000)
  region size 1024K, 8 young (8192K), 2 survivors (2048K)
 Metaspace       used 129358K, capacity 132979K, committed 133744K, reserved 1165312K
  class space    used 15828K, capacity 17168K, committed 17472K, reserved 1048576K
GC Heap History (20 events):
Event: 1696.179 GC heap before
{Heap before GC invocations=64 (full 0):
 garbage-first heap   total 236544K, used 113600K [0x0000000080000000, 0x0000000100000000)
  region size 1024K, 11 young (11264K), 7 survivors (7168K)
 Metaspace       used 128989K, capacity 132927K, committed 133232K, reserved 1165312K
  class space    used 15918K, capacity 17365K, committed 17472K, reserved 1048576K
}
Event: 1696.190 GC heap after
{Heap after GC invocations=65 (full 0):
 garbage-first heap   total 236544K, used 106388K [0x0000000080000000, 0x0000000100000000)
  region size 1024K, 1 young (1024K), 1 survivors (1024K)
 Metaspace       used 128989K, capacity 132927K, committed 133232K, reserved 1165312K
  class space    used 15918K, capacity 17365K, committed 17472K, reserved 1048576K
}
Event: 3109.283 GC heap before
{Heap before GC invocations=65 (full 0):
 garbage-first heap   total 236544K, used 194452K [0x0000000080000000, 0x0000000100000000)
  region size 1024K, 88 young (90112K), 1 survivors (1024K)
 Metaspace       used 129101K, capacity 132930K, committed 133232K, reserved 1165312K
  class space    used 15918K, capacity 17365K, committed 17472K, reserved 1048576K
}
Event: 3109.299 GC heap after
{Heap after GC invocations=66 (full 0):
 garbage-first heap   total 236544K, used 110160K [0x0000000080000000, 0x0000000100000000)
  region size 1024K, 5 young (5120K), 5 survivors (5120K)
 Metaspace       used 129101K, capacity 132930K, committed 133232K, reserved 1165312K
  class space    used 15918K, capacity 17365K, committed 17472K, reserved 1048576K
}
Event: 3114.322 GC heap before
{Heap before GC invocations=67 (full 0):
 garbage-first heap   total 236544K, used 195152K [0x0000000080000000, 0x0000000100000000)
  region size 1024K, 90 young (92160K), 5 survivors (5120K)
 Metaspace       used 128685K, capacity 132359K, committed 133232K, reserved 1165312K
  class space    used 15797K, capacity 17126K, committed 17472K, reserved 1048576K
}
Event: 3114.336 GC heap after
{Heap after GC invocations=68 (full 0):
 garbage-first heap   total 236544K, used 111508K [0x0000000080000000, 0x0000000100000000)
  region size 1024K, 7 young (7168K), 7 survivors (7168K)
 Metaspace       used 128685K, capacity 132359K, committed 133232K, reserved 1165312K
  class space    used 15797K, capacity 17126K, committed 17472K, reserved 1048576K
}
Event: 3114.358 GC heap before
{Heap before GC invocations=68 (full 0):
 garbage-first heap   total 236544K, used 114580K [0x0000000080000000, 0x0000000100000000)
  region size 1024K, 11 young (11264K), 7 survivors (7168K)
 Metaspace       used 128685K, capacity 132359K, committed 133232K, reserved 1165312K
  class space    used 15797K, capacity 17126K, committed 17472K, reserved 1048576K
}
Event: 3114.383 GC heap after
{Heap after GC invocations=69 (full 0):
 garbage-first heap   total 236544K, used 99457K [0x0000000080000000, 0x0000000100000000)
  region size 1024K, 1 young (1024K), 1 survivors (1024K)
 Metaspace       used 128685K, capacity 132359K, committed 133232K, reserved 1165312K
  class space    used 15797K, capacity 17126K, committed 17472K, reserved 1048576K
}
Event: 3115.211 GC heap before
{Heap before GC invocations=69 (full 0):
 garbage-first heap   total 236544K, used 123009K [0x0000000080000000, 0x0000000100000000)
  region size 1024K, 26 young (26624K), 1 survivors (1024K)
 Metaspace       used 128749K, capacity 132366K, committed 133232K, reserved 1165312K
  class space    used 15797K, capacity 17126K, committed 17472K, reserved 1048576K
}
Event: 3115.221 GC heap after
{Heap after GC invocations=70 (full 0):
 garbage-first heap   total 236544K, used 99434K [0x0000000080000000, 0x0000000100000000)
  region size 1024K, 1 young (1024K), 1 survivors (1024K)
 Metaspace       used 128749K, capacity 132366K, committed 133232K, reserved 1165312K
  class space    used 15797K, capacity 17126K, committed 17472K, reserved 1048576K
}
Event: 3813.605 GC heap before
{Heap before GC invocations=71 (full 0):
 garbage-first heap   total 236544K, used 196714K [0x0000000080000000, 0x0000000100000000)
  region size 1024K, 89 young (91136K), 1 survivors (1024K)
 Metaspace       used 128799K, capacity 132430K, committed 133232K, reserved 1165312K
  class space    used 15798K, capacity 17126K, committed 17472K, reserved 1048576K
}
Event: 3813.619 GC heap after
{Heap after GC invocations=72 (full 0):
 garbage-first heap   total 236544K, used 104056K [0x0000000080000000, 0x0000000100000000)
  region size 1024K, 6 young (6144K), 6 survivors (6144K)
 Metaspace       used 128799K, capacity 132430K, committed 133232K, reserved 1165312K
  class space    used 15798K, capacity 17126K, committed 17472K, reserved 1048576K
}
Event: 3813.669 GC heap before
{Heap before GC invocations=72 (full 0):
 garbage-first heap   total 236544K, used 108152K [0x0000000080000000, 0x0000000100000000)
  region size 1024K, 11 young (11264K), 6 survivors (6144K)
 Metaspace       used 128799K, capacity 132430K, committed 133232K, reserved 1165312K
  class space    used 15798K, capacity 17126K, committed 17472K, reserved 1048576K
}
Event: 3813.681 GC heap after
{Heap after GC invocations=73 (full 0):
 garbage-first heap   total 236544K, used 94263K [0x0000000080000000, 0x0000000100000000)
  region size 1024K, 1 young (1024K), 1 survivors (1024K)
 Metaspace       used 128799K, capacity 132430K, committed 133232K, reserved 1165312K
  class space    used 15798K, capacity 17126K, committed 17472K, reserved 1048576K
}
Event: 3816.237 GC heap before
{Heap before GC invocations=73 (full 0):
 garbage-first heap   total 236544K, used 169015K [0x0000000080000000, 0x0000000100000000)
  region size 1024K, 76 young (77824K), 1 survivors (1024K)
 Metaspace       used 128899K, capacity 132514K, committed 133488K, reserved 1165312K
  class space    used 15799K, capacity 17128K, committed 17472K, reserved 1048576K
}
Event: 3816.250 GC heap after
{Heap after GC invocations=74 (full 0):
 garbage-first heap   total 236544K, used 95425K [0x0000000080000000, 0x0000000100000000)
  region size 1024K, 2 young (2048K), 2 survivors (2048K)
 Metaspace       used 128899K, capacity 132514K, committed 133488K, reserved 1165312K
  class space    used 15799K, capacity 17128K, committed 17472K, reserved 1048576K
}
Event: 4308.788 GC heap before
{Heap before GC invocations=75 (full 0):
 garbage-first heap   total 236544K, used 197825K [0x0000000080000000, 0x0000000100000000)
  region size 1024K, 95 young (97280K), 2 survivors (2048K)
 Metaspace       used 129004K, capacity 132599K, committed 133488K, reserved 1165312K
  class space    used 15801K, capacity 17132K, committed 17472K, reserved 1048576K
}
Event: 4308.800 GC heap after
{Heap after GC invocations=76 (full 0):
 garbage-first heap   total 236544K, used 99998K [0x0000000080000000, 0x0000000100000000)
  region size 1024K, 7 young (7168K), 7 survivors (7168K)
 Metaspace       used 129004K, capacity 132599K, committed 133488K, reserved 1165312K
  class space    used 15801K, capacity 17132K, committed 17472K, reserved 1048576K
}
Event: 4308.816 GC heap before
{Heap before GC invocations=76 (full 0):
 garbage-first heap   total 236544K, used 103070K [0x0000000080000000, 0x0000000100000000)
  region size 1024K, 11 young (11264K), 7 survivors (7168K)
 Metaspace       used 129004K, capacity 132599K, committed 133488K, reserved 1165312K
  class space    used 15801K, capacity 17132K, committed 17472K, reserved 1048576K
}
Event: 4308.836 GC heap after
{Heap after GC invocations=77 (full 0):
 garbage-first heap   total 236544K, used 94669K [0x0000000080000000, 0x0000000100000000)
  region size 1024K, 1 young (1024K), 1 survivors (1024K)
 Metaspace       used 129004K, capacity 132599K, committed 133488K, reserved 1165312K
  class space    used 15801K, capacity 17132K, committed 17472K, reserved 1048576K
}

