# JRE version: OpenJDK Runtime Environment (11.0.8+10) (build 11.0.8+10-b944.6842174)
# Java VM: OpenJDK 64-Bit Server VM (11.0.8+10-b944.6842174, mixed mode, tiered, compressed oops, g1 gc, windows-amd64)
Heap:
 garbage-first heap   total 196608K, used 59881K [0x0000000741c00000, 0x0000000800000000)
  region size 1024K, 43 young (44032K), 9 survivors (9216K)
 Metaspace       used 43469K, capacity 43944K, committed 44060K, reserved 1087488K
  class space    used 5187K, capacity 5370K, committed 5448K, reserved 1048576K
GC Heap History (8 events):
Event: 0.386 GC heap before
{Heap before GC invocations=0 (full 0):
 garbage-first heap   total 196608K, used 17408K [0x0000000741c00000, 0x0000000800000000)
  region size 1024K, 14 young (14336K), 0 survivors (0K)
 Metaspace       used 9769K, capacity 9871K, committed 10112K, reserved 1058816K
  class space    used 829K, capacity 884K, committed 896K, reserved 1048576K
}
Event: 0.388 GC heap after
{Heap after GC invocations=1 (full 0):
 garbage-first heap   total 196608K, used 5130K [0x0000000741c00000, 0x0000000800000000)
  region size 1024K, 2 young (2048K), 2 survivors (2048K)
 Metaspace       used 9769K, capacity 9871K, committed 10112K, reserved 1058816K
  class space    used 829K, capacity 884K, committed 896K, reserved 1048576K
}
Event: 1.414 GC heap before
{Heap before GC invocations=1 (full 0):
 garbage-first heap   total 196608K, used 51210K [0x0000000741c00000, 0x0000000800000000)
  region size 1024K, 48 young (49152K), 2 survivors (2048K)
 Metaspace       used 21033K, capacity 21220K, committed 21248K, reserved 1069056K
  class space    used 2219K, capacity 2284K, committed 2304K, reserved 1048576K
}
Event: 1.424 GC heap after
{Heap after GC invocations=2 (full 0):
 garbage-first heap   total 196608K, used 9340K [0x0000000741c00000, 0x0000000800000000)
  region size 1024K, 7 young (7168K), 7 survivors (7168K)
 Metaspace       used 21033K, capacity 21220K, committed 21248K, reserved 1069056K
  class space    used 2219K, capacity 2284K, committed 2304K, reserved 1048576K
}
Event: 2.276 GC heap before
{Heap before GC invocations=3 (full 0):
 garbage-first heap   total 196608K, used 68732K [0x0000000741c00000, 0x0000000800000000)
  region size 1024K, 57 young (58368K), 7 survivors (7168K)
 Metaspace       used 31959K, capacity 32386K, committed 32764K, reserved 1077248K
  class space    used 3788K, capacity 3951K, committed 4092K, reserved 1048576K
}
Event: 2.294 GC heap after
{Heap after GC invocations=4 (full 0):
 garbage-first heap   total 196608K, used 23784K [0x0000000741c00000, 0x0000000800000000)
  region size 1024K, 6 young (6144K), 6 survivors (6144K)
 Metaspace       used 31959K, capacity 32386K, committed 32764K, reserved 1077248K
  class space    used 3788K, capacity 3951K, committed 4092K, reserved 1048576K
}
Event: 2.569 GC heap before
{Heap before GC invocations=4 (full 0):
 garbage-first heap   total 196608K, used 43240K [0x0000000741c00000, 0x0000000800000000)
  region size 1024K, 26 young (26624K), 6 survivors (6144K)
 Metaspace       used 35559K, capacity 35981K, committed 36048K, reserved 1081344K
  class space    used 4158K, capacity 4315K, committed 4348K, reserved 1048576K
}
Event: 2.580 GC heap after
{Heap after GC invocations=5 (full 0):
 garbage-first heap   total 196608K, used 26089K [0x0000000741c00000, 0x0000000800000000)
  region size 1024K, 9 young (9216K), 9 survivors (9216K)
 Metaspace       used 35559K, capacity 35981K, committed 36048K, reserved 1081344K
  class space    used 4158K, capacity 4315K, committed 4348K, reserved 1048576K
}

