# JRE version: OpenJDK Runtime Environment (11.0.8+10) (build 11.0.8+10-b944.6842174)
# Java VM: OpenJDK 64-Bit Server VM (11.0.8+10-b944.6842174, mixed mode, tiered, compressed oops, g1 gc, windows-amd64)
Heap:
 garbage-first heap   total 196608K, used 140267K [0x0000000080000000, 0x0000000100000000)
  region size 1024K, 41 young (41984K), 7 survivors (7168K)
 Metaspace       used 110320K, capacity 113030K, committed 113152K, reserved 1146880K
  class space    used 13818K, capacity 14771K, committed 14848K, reserved 1048576K
GC Heap History (20 events):
Event: 52.763 GC heap before
{Heap before GC invocations=16 (full 0):
 garbage-first heap   total 196608K, used 135416K [0x0000000080000000, 0x0000000100000000)
  region size 1024K, 61 young (62464K), 5 survivors (5120K)
 Metaspace       used 73963K, capacity 75919K, committed 76160K, reserved 1116160K
  class space    used 9420K, capacity 10004K, committed 10112K, reserved 1048576K
}
Event: 52.773 GC heap after
{Heap after GC invocations=17 (full 0):
 garbage-first heap   total 196608K, used 81423K [0x0000000080000000, 0x0000000100000000)
  region size 1024K, 4 young (4096K), 4 survivors (4096K)
 Metaspace       used 73963K, capacity 75919K, committed 76160K, reserved 1116160K
  class space    used 9420K, capacity 10004K, committed 10112K, reserved 1048576K
}
Event: 59.033 GC heap before
{Heap before GC invocations=17 (full 0):
 garbage-first heap   total 196608K, used 139791K [0x0000000080000000, 0x0000000100000000)
  region size 1024K, 62 young (63488K), 4 survivors (4096K)
 Metaspace       used 78941K, capacity 81011K, committed 81152K, reserved 1120256K
  class space    used 10015K, capacity 10647K, committed 10752K, reserved 1048576K
}
Event: 59.041 GC heap after
{Heap after GC invocations=18 (full 0):
 garbage-first heap   total 196608K, used 84747K [0x0000000080000000, 0x0000000100000000)
  region size 1024K, 7 young (7168K), 7 survivors (7168K)
 Metaspace       used 78941K, capacity 81011K, committed 81152K, reserved 1120256K
  class space    used 10015K, capacity 10647K, committed 10752K, reserved 1048576K
}
Event: 61.777 GC heap before
{Heap before GC invocations=18 (full 0):
 garbage-first heap   total 196608K, used 145163K [0x0000000080000000, 0x0000000100000000)
  region size 1024K, 66 young (67584K), 7 survivors (7168K)
 Metaspace       used 82623K, capacity 84787K, committed 84992K, reserved 1122304K
  class space    used 10578K, capacity 11245K, committed 11264K, reserved 1048576K
}
Event: 61.789 GC heap after
{Heap after GC invocations=19 (full 0):
 garbage-first heap   total 196608K, used 88064K [0x0000000080000000, 0x0000000100000000)
  region size 1024K, 7 young (7168K), 7 survivors (7168K)
 Metaspace       used 82623K, capacity 84787K, committed 84992K, reserved 1122304K
  class space    used 10578K, capacity 11245K, committed 11264K, reserved 1048576K
}
Event: 67.117 GC heap before
{Heap before GC invocations=19 (full 0):
 garbage-first heap   total 196608K, used 148480K [0x0000000080000000, 0x0000000100000000)
  region size 1024K, 66 young (67584K), 7 survivors (7168K)
 Metaspace       used 88201K, capacity 90433K, committed 90624K, reserved 1128448K
  class space    used 11327K, capacity 12020K, committed 12032K, reserved 1048576K
}
Event: 67.143 GC heap after
{Heap after GC invocations=20 (full 0):
 garbage-first heap   total 196608K, used 91083K [0x0000000080000000, 0x0000000100000000)
  region size 1024K, 7 young (7168K), 7 survivors (7168K)
 Metaspace       used 88201K, capacity 90433K, committed 90624K, reserved 1128448K
  class space    used 11327K, capacity 12020K, committed 12032K, reserved 1048576K
}
Event: 71.967 GC heap before
{Heap before GC invocations=20 (full 0):
 garbage-first heap   total 196608K, used 151499K [0x0000000080000000, 0x0000000100000000)
  region size 1024K, 67 young (68608K), 7 survivors (7168K)
 Metaspace       used 93505K, capacity 95805K, committed 95872K, reserved 1132544K
  class space    used 11936K, capacity 12658K, committed 12672K, reserved 1048576K
}
Event: 71.982 GC heap after
{Heap after GC invocations=21 (full 0):
 garbage-first heap   total 196608K, used 95384K [0x0000000080000000, 0x0000000100000000)
  region size 1024K, 7 young (7168K), 7 survivors (7168K)
 Metaspace       used 93505K, capacity 95805K, committed 95872K, reserved 1132544K
  class space    used 11936K, capacity 12658K, committed 12672K, reserved 1048576K
}
Event: 72.518 GC heap before
{Heap before GC invocations=21 (full 0):
 garbage-first heap   total 196608K, used 153752K [0x0000000080000000, 0x0000000100000000)
  region size 1024K, 65 young (66560K), 7 survivors (7168K)
 Metaspace       used 93786K, capacity 96080K, committed 96128K, reserved 1132544K
  class space    used 11949K, capacity 12672K, committed 12672K, reserved 1048576K
}
Event: 72.527 GC heap after
{Heap after GC invocations=22 (full 0):
 garbage-first heap   total 196608K, used 96073K [0x0000000080000000, 0x0000000100000000)
  region size 1024K, 5 young (5120K), 5 survivors (5120K)
 Metaspace       used 93786K, capacity 96080K, committed 96128K, reserved 1132544K
  class space    used 11949K, capacity 12672K, committed 12672K, reserved 1048576K
}
Event: 75.262 GC heap before
{Heap before GC invocations=23 (full 0):
 garbage-first heap   total 196608K, used 156489K [0x0000000080000000, 0x0000000100000000)
  region size 1024K, 64 young (65536K), 5 survivors (5120K)
 Metaspace       used 94993K, capacity 97266K, committed 97408K, reserved 1134592K
  class space    used 12110K, capacity 12802K, committed 12928K, reserved 1048576K
}
Event: 75.270 GC heap after
{Heap after GC invocations=24 (full 0):
 garbage-first heap   total 196608K, used 96829K [0x0000000080000000, 0x0000000100000000)
  region size 1024K, 3 young (3072K), 3 survivors (3072K)
 Metaspace       used 94993K, capacity 97266K, committed 97408K, reserved 1134592K
  class space    used 12110K, capacity 12802K, committed 12928K, reserved 1048576K
}
Event: 82.980 GC heap before
{Heap before GC invocations=24 (full 0):
 garbage-first heap   total 196608K, used 157245K [0x0000000080000000, 0x0000000100000000)
  region size 1024K, 63 young (64512K), 3 survivors (3072K)
 Metaspace       used 99855K, capacity 102306K, committed 102400K, reserved 1138688K
  class space    used 12677K, capacity 13488K, committed 13568K, reserved 1048576K
}
Event: 82.991 GC heap after
{Heap after GC invocations=25 (full 0):
 garbage-first heap   total 196608K, used 100132K [0x0000000080000000, 0x0000000100000000)
  region size 1024K, 6 young (6144K), 6 survivors (6144K)
 Metaspace       used 99855K, capacity 102306K, committed 102400K, reserved 1138688K
  class space    used 12677K, capacity 13488K, committed 13568K, reserved 1048576K
}
Event: 87.294 GC heap before
{Heap before GC invocations=26 (full 0):
 garbage-first heap   total 196608K, used 159524K [0x0000000080000000, 0x0000000100000000)
  region size 1024K, 65 young (66560K), 6 survivors (6144K)
 Metaspace       used 102167K, capacity 104635K, committed 104960K, reserved 1140736K
  class space    used 12964K, capacity 13741K, committed 13824K, reserved 1048576K
}
Event: 87.310 GC heap after
{Heap after GC invocations=27 (full 0):
 garbage-first heap   total 196608K, used 104174K [0x0000000080000000, 0x0000000100000000)
  region size 1024K, 8 young (8192K), 8 survivors (8192K)
 Metaspace       used 102167K, capacity 104635K, committed 104960K, reserved 1140736K
  class space    used 12964K, capacity 13741K, committed 13824K, reserved 1048576K
}
Event: 94.917 GC heap before
{Heap before GC invocations=27 (full 0):
 garbage-first heap   total 196608K, used 136942K [0x0000000080000000, 0x0000000100000000)
  region size 1024K, 41 young (41984K), 8 survivors (8192K)
 Metaspace       used 105799K, capacity 108417K, committed 108672K, reserved 1142784K
  class space    used 13478K, capacity 14352K, committed 14464K, reserved 1048576K
}
Event: 94.928 GC heap after
{Heap after GC invocations=28 (full 0):
 garbage-first heap   total 196608K, used 106475K [0x0000000080000000, 0x0000000100000000)
  region size 1024K, 7 young (7168K), 7 survivors (7168K)
 Metaspace       used 105799K, capacity 108417K, committed 108672K, reserved 1142784K
  class space    used 13478K, capacity 14352K, committed 14464K, reserved 1048576K
}

