# JRE version: OpenJDK Runtime Environment (11.0.8+10) (build 11.0.8+10-b944.6842174)
# Java VM: OpenJDK 64-Bit Server VM (11.0.8+10-b944.6842174, mixed mode, tiered, compressed oops, g1 gc, windows-amd64)
Heap:
 garbage-first heap   total 236544K, used 83198K [0x0000000080000000, 0x0000000100000000)
  region size 1024K, 20 young (20480K), 6 survivors (6144K)
 Metaspace       used 59462K, capacity 61091K, committed 61348K, reserved 1103872K
  class space    used 7566K, capacity 8061K, committed 8064K, reserved 1048576K
GC Heap History (20 events):
Event: 1.302 GC heap before
{Heap before GC invocations=1 (full 0):
 garbage-first heap   total 196608K, used 20051K [0x0000000080000000, 0x0000000100000000)
  region size 1024K, 14 young (14336K), 2 survivors (2048K)
 Metaspace       used 10857K, capacity 11131K, committed 11264K, reserved 1058816K
  class space    used 1145K, capacity 1201K, committed 1280K, reserved 1048576K
}
Event: 1.304 GC heap after
{Heap after GC invocations=2 (full 0):
 garbage-first heap   total 196608K, used 8919K [0x0000000080000000, 0x0000000100000000)
  region size 1024K, 1 young (1024K), 1 survivors (1024K)
 Metaspace       used 10857K, capacity 11131K, committed 11264K, reserved 1058816K
  class space    used 1145K, capacity 1201K, committed 1280K, reserved 1048576K
}
Event: 1.531 GC heap before
{Heap before GC invocations=2 (full 0):
 garbage-first heap   total 196608K, used 37591K [0x0000000080000000, 0x0000000100000000)
  region size 1024K, 30 young (30720K), 1 survivors (1024K)
 Metaspace       used 11028K, capacity 11260K, committed 11520K, reserved 1058816K
  class space    used 1147K, capacity 1201K, committed 1280K, reserved 1048576K
}
Event: 1.534 GC heap after
{Heap after GC invocations=3 (full 0):
 garbage-first heap   total 196608K, used 13080K [0x0000000080000000, 0x0000000100000000)
  region size 1024K, 4 young (4096K), 4 survivors (4096K)
 Metaspace       used 11028K, capacity 11260K, committed 11520K, reserved 1058816K
  class space    used 1147K, capacity 1201K, committed 1280K, reserved 1048576K
}
Event: 2.940 GC heap before
{Heap before GC invocations=3 (full 0):
 garbage-first heap   total 196608K, used 56088K [0x0000000080000000, 0x0000000100000000)
  region size 1024K, 46 young (47104K), 4 survivors (4096K)
 Metaspace       used 18988K, capacity 19521K, committed 19712K, reserved 1067008K
  class space    used 2294K, capacity 2469K, committed 2560K, reserved 1048576K
}
Event: 2.954 GC heap after
{Heap after GC invocations=4 (full 0):
 garbage-first heap   total 196608K, used 16254K [0x0000000080000000, 0x0000000100000000)
  region size 1024K, 3 young (3072K), 3 survivors (3072K)
 Metaspace       used 18988K, capacity 19521K, committed 19712K, reserved 1067008K
  class space    used 2294K, capacity 2469K, committed 2560K, reserved 1048576K
}
Event: 3.079 GC heap before
{Heap before GC invocations=4 (full 0):
 garbage-first heap   total 196608K, used 27518K [0x0000000080000000, 0x0000000100000000)
  region size 1024K, 15 young (15360K), 3 survivors (3072K)
 Metaspace       used 20535K, capacity 21123K, committed 21296K, reserved 1069056K
  class space    used 2508K, capacity 2688K, committed 2688K, reserved 1048576K
}
Event: 3.083 GC heap after
{Heap after GC invocations=5 (full 0):
 garbage-first heap   total 196608K, used 16620K [0x0000000080000000, 0x0000000100000000)
  region size 1024K, 4 young (4096K), 4 survivors (4096K)
 Metaspace       used 20535K, capacity 21123K, committed 21296K, reserved 1069056K
  class space    used 2508K, capacity 2688K, committed 2688K, reserved 1048576K
}
Event: 3.776 GC heap before
{Heap before GC invocations=6 (full 0):
 garbage-first heap   total 196608K, used 82156K [0x0000000080000000, 0x0000000100000000)
  region size 1024K, 60 young (61440K), 4 survivors (4096K)
 Metaspace       used 26511K, capacity 27314K, committed 27568K, reserved 1073152K
  class space    used 3465K, capacity 3730K, committed 3840K, reserved 1048576K
}
Event: 3.784 GC heap after
{Heap after GC invocations=7 (full 0):
 garbage-first heap   total 196608K, used 30569K [0x0000000080000000, 0x0000000100000000)
  region size 1024K, 8 young (8192K), 8 survivors (8192K)
 Metaspace       used 26511K, capacity 27314K, committed 27568K, reserved 1073152K
  class space    used 3465K, capacity 3730K, committed 3840K, reserved 1048576K
}
Event: 4.449 GC heap before
{Heap before GC invocations=7 (full 0):
 garbage-first heap   total 196608K, used 79721K [0x0000000080000000, 0x0000000100000000)
  region size 1024K, 57 young (58368K), 8 survivors (8192K)
 Metaspace       used 34865K, capacity 35659K, committed 35708K, reserved 1081344K
  class space    used 4505K, capacity 4832K, committed 4864K, reserved 1048576K
}
Event: 4.461 GC heap after
{Heap after GC invocations=8 (full 0):
 garbage-first heap   total 196608K, used 33598K [0x0000000080000000, 0x0000000100000000)
  region size 1024K, 9 young (9216K), 9 survivors (9216K)
 Metaspace       used 34865K, capacity 35659K, committed 35708K, reserved 1081344K
  class space    used 4505K, capacity 4832K, committed 4864K, reserved 1048576K
}
Event: 5.769 GC heap before
{Heap before GC invocations=9 (full 0):
 garbage-first heap   total 196608K, used 127806K [0x0000000080000000, 0x0000000100000000)
  region size 1024K, 91 young (93184K), 9 survivors (9216K)
 Metaspace       used 43193K, capacity 44343K, committed 44412K, reserved 1087488K
  class space    used 5477K, capacity 5844K, committed 5888K, reserved 1048576K
}
Event: 5.789 GC heap after
{Heap after GC invocations=10 (full 0):
 garbage-first heap   total 196608K, used 48938K [0x0000000080000000, 0x0000000100000000)
  region size 1024K, 11 young (11264K), 11 survivors (11264K)
 Metaspace       used 43193K, capacity 44343K, committed 44412K, reserved 1087488K
  class space    used 5477K, capacity 5844K, committed 5888K, reserved 1048576K
}
Event: 7.005 GC heap before
{Heap before GC invocations=10 (full 0):
 garbage-first heap   total 196608K, used 140074K [0x0000000080000000, 0x0000000100000000)
  region size 1024K, 97 young (99328K), 11 survivors (11264K)
 Metaspace       used 47286K, capacity 48746K, committed 48892K, reserved 1091584K
  class space    used 6033K, capacity 6472K, committed 6528K, reserved 1048576K
}
Event: 7.021 GC heap after
{Heap after GC invocations=11 (full 0):
 garbage-first heap   total 196608K, used 61852K [0x0000000080000000, 0x0000000100000000)
  region size 1024K, 9 young (9216K), 9 survivors (9216K)
 Metaspace       used 47286K, capacity 48746K, committed 48892K, reserved 1091584K
  class space    used 6033K, capacity 6472K, committed 6528K, reserved 1048576K
}
Event: 8.775 GC heap before
{Heap before GC invocations=11 (full 0):
 garbage-first heap   total 196608K, used 144796K [0x0000000080000000, 0x0000000100000000)
  region size 1024K, 89 young (91136K), 9 survivors (9216K)
 Metaspace       used 58048K, capacity 59673K, committed 59772K, reserved 1101824K
  class space    used 7370K, capacity 7894K, committed 7936K, reserved 1048576K
}
Event: 8.800 GC heap after
{Heap after GC invocations=12 (full 0):
 garbage-first heap   total 236544K, used 69659K [0x0000000080000000, 0x0000000100000000)
  region size 1024K, 6 young (6144K), 6 survivors (6144K)
 Metaspace       used 58048K, capacity 59673K, committed 59772K, reserved 1101824K
  class space    used 7370K, capacity 7894K, committed 7936K, reserved 1048576K
}
Event: 8.842 GC heap before
{Heap before GC invocations=12 (full 0):
 garbage-first heap   total 236544K, used 74779K [0x0000000080000000, 0x0000000100000000)
  region size 1024K, 12 young (12288K), 6 survivors (6144K)
 Metaspace       used 58157K, capacity 59807K, committed 59940K, reserved 1101824K
  class space    used 7382K, capacity 7896K, committed 7936K, reserved 1048576K
}
Event: 8.850 GC heap after
{Heap after GC invocations=13 (full 0):
 garbage-first heap   total 236544K, used 69886K [0x0000000080000000, 0x0000000100000000)
  region size 1024K, 6 young (6144K), 6 survivors (6144K)
 Metaspace       used 58157K, capacity 59807K, committed 59940K, reserved 1101824K
  class space    used 7382K, capacity 7896K, committed 7936K, reserved 1048576K
}

