# JRE version: OpenJDK Runtime Environment (11.0.8+10) (build 11.0.8+10-b944.6842174)
# Java VM: OpenJDK 64-Bit Server VM (11.0.8+10-b944.6842174, mixed mode, tiered, compressed oops, g1 gc, windows-amd64)
Heap:
 garbage-first heap   total 196608K, used 61293K [0x0000000080000000, 0x0000000100000000)
  region size 1024K, 49 young (50176K), 4 survivors (4096K)
 Metaspace       used 25924K, capacity 26574K, committed 26752K, reserved 1073152K
  class space    used 3368K, capacity 3595K, committed 3712K, reserved 1048576K
GC Heap History (10 events):
Event: 0.661 GC heap before
{Heap before GC invocations=0 (full 0):
 garbage-first heap   total 196608K, used 19456K [0x0000000080000000, 0x0000000100000000)
  region size 1024K, 14 young (14336K), 0 survivors (0K)
 Metaspace       used 7393K, capacity 7503K, committed 7680K, reserved 1056768K
  class space    used 674K, capacity 716K, committed 768K, reserved 1048576K
}
Event: 0.696 GC heap after
{Heap after GC invocations=1 (full 0):
 garbage-first heap   total 196608K, used 7704K [0x0000000080000000, 0x0000000100000000)
  region size 1024K, 2 young (2048K), 2 survivors (2048K)
 Metaspace       used 7393K, capacity 7503K, committed 7680K, reserved 1056768K
  class space    used 674K, capacity 716K, committed 768K, reserved 1048576K
}
Event: 0.992 GC heap before
{Heap before GC invocations=1 (full 0):
 garbage-first heap   total 196608K, used 19992K [0x0000000080000000, 0x0000000100000000)
  region size 1024K, 14 young (14336K), 2 survivors (2048K)
 Metaspace       used 10839K, capacity 11063K, committed 11264K, reserved 1058816K
  class space    used 1145K, capacity 1201K, committed 1280K, reserved 1048576K
}
Event: 0.994 GC heap after
{Heap after GC invocations=2 (full 0):
 garbage-first heap   total 196608K, used 8824K [0x0000000080000000, 0x0000000100000000)
  region size 1024K, 1 young (1024K), 1 survivors (1024K)
 Metaspace       used 10839K, capacity 11063K, committed 11264K, reserved 1058816K
  class space    used 1145K, capacity 1201K, committed 1280K, reserved 1048576K
}
Event: 1.226 GC heap before
{Heap before GC invocations=2 (full 0):
 garbage-first heap   total 196608K, used 39544K [0x0000000080000000, 0x0000000100000000)
  region size 1024K, 32 young (32768K), 1 survivors (1024K)
 Metaspace       used 11027K, capacity 11256K, committed 11520K, reserved 1058816K
  class space    used 1147K, capacity 1201K, committed 1280K, reserved 1048576K
}
Event: 1.230 GC heap after
{Heap after GC invocations=3 (full 0):
 garbage-first heap   total 196608K, used 12958K [0x0000000080000000, 0x0000000100000000)
  region size 1024K, 4 young (4096K), 4 survivors (4096K)
 Metaspace       used 11027K, capacity 11256K, committed 11520K, reserved 1058816K
  class space    used 1147K, capacity 1201K, committed 1280K, reserved 1048576K
}
Event: 2.759 GC heap before
{Heap before GC invocations=3 (full 0):
 garbage-first heap   total 196608K, used 58014K [0x0000000080000000, 0x0000000100000000)
  region size 1024K, 48 young (49152K), 4 survivors (4096K)
 Metaspace       used 19290K, capacity 19813K, committed 19968K, reserved 1067008K
  class space    used 2347K, capacity 2504K, committed 2560K, reserved 1048576K
}
Event: 2.767 GC heap after
{Heap after GC invocations=4 (full 0):
 garbage-first heap   total 196608K, used 16022K [0x0000000080000000, 0x0000000100000000)
  region size 1024K, 3 young (3072K), 3 survivors (3072K)
 Metaspace       used 19290K, capacity 19813K, committed 19968K, reserved 1067008K
  class space    used 2347K, capacity 2504K, committed 2560K, reserved 1048576K
}
Event: 2.869 GC heap before
{Heap before GC invocations=4 (full 0):
 garbage-first heap   total 196608K, used 23190K [0x0000000080000000, 0x0000000100000000)
  region size 1024K, 11 young (11264K), 3 survivors (3072K)
 Metaspace       used 20623K, capacity 21126K, committed 21296K, reserved 1069056K
  class space    used 2523K, capacity 2691K, committed 2816K, reserved 1048576K
}
Event: 2.872 GC heap after
{Heap after GC invocations=5 (full 0):
 garbage-first heap   total 196608K, used 16237K [0x0000000080000000, 0x0000000100000000)
  region size 1024K, 4 young (4096K), 4 survivors (4096K)
 Metaspace       used 20623K, capacity 21126K, committed 21296K, reserved 1069056K
  class space    used 2523K, capacity 2691K, committed 2816K, reserved 1048576K
}

