# JRE version: OpenJDK Runtime Environment (11.0.8+10) (build 11.0.8+10-b944.6842174)
# Java VM: OpenJDK 64-Bit Server VM (11.0.8+10-b944.6842174, mixed mode, tiered, compressed oops, g1 gc, windows-amd64)
Heap:
 garbage-first heap   total 196608K, used 77542K [0x0000000080000000, 0x0000000100000000)
  region size 1024K, 16 young (16384K), 4 survivors (4096K)
 Metaspace       used 60551K, capacity 62219K, committed 62472K, reserved 1103872K
  class space    used 7637K, capacity 8185K, committed 8272K, reserved 1048576K
GC Heap History (20 events):
Event: 1.183 GC heap before
{Heap before GC invocations=1 (full 0):
 garbage-first heap   total 196608K, used 20022K [0x0000000080000000, 0x0000000100000000)
  region size 1024K, 14 young (14336K), 2 survivors (2048K)
 Metaspace       used 10863K, capacity 11127K, committed 11264K, reserved 1058816K
  class space    used 1145K, capacity 1201K, committed 1280K, reserved 1048576K
}
Event: 1.188 GC heap after
{Heap after GC invocations=2 (full 0):
 garbage-first heap   total 196608K, used 8827K [0x0000000080000000, 0x0000000100000000)
  region size 1024K, 1 young (1024K), 1 survivors (1024K)
 Metaspace       used 10863K, capacity 11127K, committed 11264K, reserved 1058816K
  class space    used 1145K, capacity 1201K, committed 1280K, reserved 1048576K
}
Event: 1.594 GC heap before
{Heap before GC invocations=2 (full 0):
 garbage-first heap   total 196608K, used 37499K [0x0000000080000000, 0x0000000100000000)
  region size 1024K, 30 young (30720K), 1 survivors (1024K)
 Metaspace       used 11039K, capacity 11320K, committed 11520K, reserved 1058816K
  class space    used 1147K, capacity 1201K, committed 1280K, reserved 1048576K
}
Event: 1.598 GC heap after
{Heap after GC invocations=3 (full 0):
 garbage-first heap   total 196608K, used 13152K [0x0000000080000000, 0x0000000100000000)
  region size 1024K, 4 young (4096K), 4 survivors (4096K)
 Metaspace       used 11039K, capacity 11320K, committed 11520K, reserved 1058816K
  class space    used 1147K, capacity 1201K, committed 1280K, reserved 1048576K
}
Event: 3.558 GC heap before
{Heap before GC invocations=3 (full 0):
 garbage-first heap   total 196608K, used 56160K [0x0000000080000000, 0x0000000100000000)
  region size 1024K, 46 young (47104K), 4 survivors (4096K)
 Metaspace       used 19076K, capacity 19581K, committed 19712K, reserved 1067008K
  class space    used 2307K, capacity 2469K, committed 2560K, reserved 1048576K
}
Event: 3.564 GC heap after
{Heap after GC invocations=4 (full 0):
 garbage-first heap   total 196608K, used 15945K [0x0000000080000000, 0x0000000100000000)
  region size 1024K, 3 young (3072K), 3 survivors (3072K)
 Metaspace       used 19076K, capacity 19581K, committed 19712K, reserved 1067008K
  class space    used 2307K, capacity 2469K, committed 2560K, reserved 1048576K
}
Event: 3.682 GC heap before
{Heap before GC invocations=4 (full 0):
 garbage-first heap   total 196608K, used 26185K [0x0000000080000000, 0x0000000100000000)
  region size 1024K, 14 young (14336K), 3 survivors (3072K)
 Metaspace       used 20617K, capacity 21126K, committed 21296K, reserved 1069056K
  class space    used 2522K, capacity 2691K, committed 2816K, reserved 1048576K
}
Event: 3.686 GC heap after
{Heap after GC invocations=5 (full 0):
 garbage-first heap   total 196608K, used 16321K [0x0000000080000000, 0x0000000100000000)
  region size 1024K, 4 young (4096K), 4 survivors (4096K)
 Metaspace       used 20617K, capacity 21126K, committed 21296K, reserved 1069056K
  class space    used 2522K, capacity 2691K, committed 2816K, reserved 1048576K
}
Event: 5.227 GC heap before
{Heap before GC invocations=6 (full 0):
 garbage-first heap   total 196608K, used 81857K [0x0000000080000000, 0x0000000100000000)
  region size 1024K, 60 young (61440K), 4 survivors (4096K)
 Metaspace       used 26502K, capacity 27309K, committed 27648K, reserved 1073152K
  class space    used 3471K, capacity 3729K, committed 3840K, reserved 1048576K
}
Event: 5.234 GC heap after
{Heap after GC invocations=7 (full 0):
 garbage-first heap   total 196608K, used 30414K [0x0000000080000000, 0x0000000100000000)
  region size 1024K, 8 young (8192K), 8 survivors (8192K)
 Metaspace       used 26502K, capacity 27309K, committed 27648K, reserved 1073152K
  class space    used 3471K, capacity 3729K, committed 3840K, reserved 1048576K
}
Event: 6.354 GC heap before
{Heap before GC invocations=7 (full 0):
 garbage-first heap   total 196608K, used 79566K [0x0000000080000000, 0x0000000100000000)
  region size 1024K, 57 young (58368K), 8 survivors (8192K)
 Metaspace       used 35014K, capacity 35881K, committed 35920K, reserved 1081344K
  class space    used 4571K, capacity 4908K, committed 4944K, reserved 1048576K
}
Event: 6.365 GC heap after
{Heap after GC invocations=8 (full 0):
 garbage-first heap   total 196608K, used 33861K [0x0000000080000000, 0x0000000100000000)
  region size 1024K, 9 young (9216K), 9 survivors (9216K)
 Metaspace       used 35014K, capacity 35881K, committed 35920K, reserved 1081344K
  class space    used 4571K, capacity 4908K, committed 4944K, reserved 1048576K
}
Event: 9.751 GC heap before
{Heap before GC invocations=9 (full 0):
 garbage-first heap   total 196608K, used 126021K [0x0000000080000000, 0x0000000100000000)
  region size 1024K, 89 young (91136K), 9 survivors (9216K)
 Metaspace       used 42827K, capacity 43946K, committed 44112K, reserved 1087488K
  class space    used 5461K, capacity 5840K, committed 5968K, reserved 1048576K
}
Event: 9.766 GC heap after
{Heap after GC invocations=10 (full 0):
 garbage-first heap   total 196608K, used 47675K [0x0000000080000000, 0x0000000100000000)
  region size 1024K, 10 young (10240K), 10 survivors (10240K)
 Metaspace       used 42827K, capacity 43946K, committed 44112K, reserved 1087488K
  class space    used 5461K, capacity 5840K, committed 5968K, reserved 1048576K
}
Event: 12.550 GC heap before
{Heap before GC invocations=10 (full 0):
 garbage-first heap   total 196608K, used 140859K [0x0000000080000000, 0x0000000100000000)
  region size 1024K, 96 young (98304K), 10 survivors (10240K)
 Metaspace       used 46845K, capacity 48282K, committed 48464K, reserved 1091584K
  class space    used 5999K, capacity 6445K, committed 6480K, reserved 1048576K
}
Event: 12.571 GC heap after
{Heap after GC invocations=11 (full 0):
 garbage-first heap   total 196608K, used 64023K [0x0000000080000000, 0x0000000100000000)
  region size 1024K, 11 young (11264K), 11 survivors (11264K)
 Metaspace       used 46845K, capacity 48282K, committed 48464K, reserved 1091584K
  class space    used 5999K, capacity 6445K, committed 6480K, reserved 1048576K
}
Event: 15.115 GC heap before
{Heap before GC invocations=11 (full 0):
 garbage-first heap   total 196608K, used 141847K [0x0000000080000000, 0x0000000100000000)
  region size 1024K, 87 young (89088K), 11 survivors (11264K)
 Metaspace       used 57580K, capacity 59267K, committed 59472K, reserved 1101824K
  class space    used 7235K, capacity 7735K, committed 7760K, reserved 1048576K
}
Event: 15.130 GC heap after
{Heap after GC invocations=12 (full 0):
 garbage-first heap   total 196608K, used 67233K [0x0000000080000000, 0x0000000100000000)
  region size 1024K, 4 young (4096K), 4 survivors (4096K)
 Metaspace       used 57580K, capacity 59267K, committed 59472K, reserved 1101824K
  class space    used 7235K, capacity 7735K, committed 7760K, reserved 1048576K
}
Event: 15.319 GC heap before
{Heap before GC invocations=12 (full 0):
 garbage-first heap   total 196608K, used 75425K [0x0000000080000000, 0x0000000100000000)
  region size 1024K, 13 young (13312K), 4 survivors (4096K)
 Metaspace       used 58497K, capacity 60155K, committed 60296K, reserved 1101824K
  class space    used 7386K, capacity 7859K, committed 7888K, reserved 1048576K
}
Event: 15.369 GC heap after
{Heap after GC invocations=13 (full 0):
 garbage-first heap   total 196608K, used 67302K [0x0000000080000000, 0x0000000100000000)
  region size 1024K, 4 young (4096K), 4 survivors (4096K)
 Metaspace       used 58497K, capacity 60155K, committed 60296K, reserved 1101824K
  class space    used 7386K, capacity 7859K, committed 7888K, reserved 1048576K
}

