# JRE version: OpenJDK Runtime Environment (11.0.8+10) (build 11.0.8+10-b944.6842174)
# Java VM: OpenJDK 64-Bit Server VM (11.0.8+10-b944.6842174, mixed mode, tiered, compressed oops, g1 gc, windows-amd64)
Heap:
 garbage-first heap   total 236544K, used 171302K [0x0000000080000000, 0x0000000100000000)
  region size 1024K, 112 young (114688K), 12 survivors (12288K)
 Metaspace       used 79260K, capacity 81449K, committed 81500K, reserved 1120256K
  class space    used 9946K, capacity 10654K, committed 10688K, reserved 1048576K
GC Heap History (20 events):
Event: 0.808 GC heap before
{Heap before GC invocations=1 (full 0):
 garbage-first heap   total 196608K, used 19941K [0x0000000080000000, 0x0000000100000000)
  region size 1024K, 14 young (14336K), 2 survivors (2048K)
 Metaspace       used 10840K, capacity 11063K, committed 11264K, reserved 1058816K
  class space    used 1145K, capacity 1201K, committed 1280K, reserved 1048576K
}
Event: 0.811 GC heap after
{Heap after GC invocations=2 (full 0):
 garbage-first heap   total 196608K, used 8683K [0x0000000080000000, 0x0000000100000000)
  region size 1024K, 1 young (1024K), 1 survivors (1024K)
 Metaspace       used 10840K, capacity 11063K, committed 11264K, reserved 1058816K
  class space    used 1145K, capacity 1201K, committed 1280K, reserved 1048576K
}
Event: 1.063 GC heap before
{Heap before GC invocations=2 (full 0):
 garbage-first heap   total 196608K, used 38379K [0x0000000080000000, 0x0000000100000000)
  region size 1024K, 31 young (31744K), 1 survivors (1024K)
 Metaspace       used 11018K, capacity 11320K, committed 11520K, reserved 1058816K
  class space    used 1147K, capacity 1201K, committed 1280K, reserved 1048576K
}
Event: 1.066 GC heap after
{Heap after GC invocations=3 (full 0):
 garbage-first heap   total 196608K, used 13137K [0x0000000080000000, 0x0000000100000000)
  region size 1024K, 4 young (4096K), 4 survivors (4096K)
 Metaspace       used 11018K, capacity 11320K, committed 11520K, reserved 1058816K
  class space    used 1147K, capacity 1201K, committed 1280K, reserved 1048576K
}
Event: 2.479 GC heap before
{Heap before GC invocations=3 (full 0):
 garbage-first heap   total 196608K, used 57169K [0x0000000080000000, 0x0000000100000000)
  region size 1024K, 47 young (48128K), 4 survivors (4096K)
 Metaspace       used 19112K, capacity 19584K, committed 19712K, reserved 1067008K
  class space    used 2324K, capacity 2459K, committed 2560K, reserved 1048576K
}
Event: 2.485 GC heap after
{Heap after GC invocations=4 (full 0):
 garbage-first heap   total 196608K, used 16120K [0x0000000080000000, 0x0000000100000000)
  region size 1024K, 3 young (3072K), 3 survivors (3072K)
 Metaspace       used 19112K, capacity 19584K, committed 19712K, reserved 1067008K
  class space    used 2324K, capacity 2459K, committed 2560K, reserved 1048576K
}
Event: 2.579 GC heap before
{Heap before GC invocations=4 (full 0):
 garbage-first heap   total 196608K, used 25336K [0x0000000080000000, 0x0000000100000000)
  region size 1024K, 13 young (13312K), 3 survivors (3072K)
 Metaspace       used 20568K, capacity 21127K, committed 21296K, reserved 1069056K
  class space    used 2519K, capacity 2680K, committed 2688K, reserved 1048576K
}
Event: 2.582 GC heap after
{Heap after GC invocations=5 (full 0):
 garbage-first heap   total 196608K, used 16312K [0x0000000080000000, 0x0000000100000000)
  region size 1024K, 4 young (4096K), 4 survivors (4096K)
 Metaspace       used 20568K, capacity 21127K, committed 21296K, reserved 1069056K
  class space    used 2519K, capacity 2680K, committed 2688K, reserved 1048576K
}
Event: 3.340 GC heap before
{Heap before GC invocations=6 (full 0):
 garbage-first heap   total 196608K, used 74680K [0x0000000080000000, 0x0000000100000000)
  region size 1024K, 61 young (62464K), 4 survivors (4096K)
 Metaspace       used 26844K, capacity 27524K, committed 27648K, reserved 1073152K
  class space    used 3528K, capacity 3754K, committed 3840K, reserved 1048576K
}
Event: 3.346 GC heap after
{Heap after GC invocations=7 (full 0):
 garbage-first heap   total 196608K, used 18526K [0x0000000080000000, 0x0000000100000000)
  region size 1024K, 6 young (6144K), 6 survivors (6144K)
 Metaspace       used 26844K, capacity 27524K, committed 27648K, reserved 1073152K
  class space    used 3528K, capacity 3754K, committed 3840K, reserved 1048576K
}
Event: 4.058 GC heap before
{Heap before GC invocations=7 (full 0):
 garbage-first heap   total 196608K, used 59486K [0x0000000080000000, 0x0000000100000000)
  region size 1024K, 48 young (49152K), 6 survivors (6144K)
 Metaspace       used 35212K, capacity 36004K, committed 36048K, reserved 1081344K
  class space    used 4576K, capacity 4857K, committed 4864K, reserved 1048576K
}
Event: 4.069 GC heap after
{Heap after GC invocations=8 (full 0):
 garbage-first heap   total 196608K, used 21757K [0x0000000080000000, 0x0000000100000000)
  region size 1024K, 9 young (9216K), 9 survivors (9216K)
 Metaspace       used 35212K, capacity 36004K, committed 36048K, reserved 1081344K
  class space    used 4576K, capacity 4857K, committed 4864K, reserved 1048576K
}
Event: 5.479 GC heap before
{Heap before GC invocations=9 (full 0):
 garbage-first heap   total 196608K, used 133373K [0x0000000080000000, 0x0000000100000000)
  region size 1024K, 115 young (117760K), 9 survivors (9216K)
 Metaspace       used 44394K, capacity 45392K, committed 45724K, reserved 1089536K
  class space    used 5685K, capacity 6043K, committed 6144K, reserved 1048576K
}
Event: 5.495 GC heap after
{Heap after GC invocations=10 (full 0):
 garbage-first heap   total 196608K, used 27715K [0x0000000080000000, 0x0000000100000000)
  region size 1024K, 12 young (12288K), 12 survivors (12288K)
 Metaspace       used 44394K, capacity 45392K, committed 45724K, reserved 1089536K
  class space    used 5685K, capacity 6043K, committed 6144K, reserved 1048576K
}
Event: 7.874 GC heap before
{Heap before GC invocations=10 (full 0):
 garbage-first heap   total 196608K, used 138307K [0x0000000080000000, 0x0000000100000000)
  region size 1024K, 115 young (117760K), 12 survivors (12288K)
 Metaspace       used 53615K, capacity 54928K, committed 55068K, reserved 1097728K
  class space    used 6812K, capacity 7258K, committed 7296K, reserved 1048576K
}
Event: 7.891 GC heap after
{Heap after GC invocations=11 (full 0):
 garbage-first heap   total 196608K, used 43099K [0x0000000080000000, 0x0000000100000000)
  region size 1024K, 15 young (15360K), 15 survivors (15360K)
 Metaspace       used 53615K, capacity 54928K, committed 55068K, reserved 1097728K
  class space    used 6812K, capacity 7258K, committed 7296K, reserved 1048576K
}
Event: 8.886 GC heap before
{Heap before GC invocations=11 (full 0):
 garbage-first heap   total 196608K, used 92251K [0x0000000080000000, 0x0000000100000000)
  region size 1024K, 64 young (65536K), 15 survivors (15360K)
 Metaspace       used 59173K, capacity 60536K, committed 60636K, reserved 1101824K
  class space    used 7474K, capacity 7941K, committed 8000K, reserved 1048576K
}
Event: 8.914 GC heap after
{Heap after GC invocations=12 (full 0):
 garbage-first heap   total 236544K, used 47616K [0x0000000080000000, 0x0000000100000000)
  region size 1024K, 5 young (5120K), 5 survivors (5120K)
 Metaspace       used 59173K, capacity 60536K, committed 60636K, reserved 1101824K
  class space    used 7474K, capacity 7941K, committed 8000K, reserved 1048576K
}
Event: 14.250 GC heap before
{Heap before GC invocations=13 (full 0):
 garbage-first heap   total 236544K, used 150016K [0x0000000080000000, 0x0000000100000000)
  region size 1024K, 105 young (107520K), 5 survivors (5120K)
 Metaspace       used 68539K, capacity 70115K, committed 70364K, reserved 1110016K
  class space    used 8857K, capacity 9416K, committed 9536K, reserved 1048576K
}
Event: 14.269 GC heap after
{Heap after GC invocations=14 (full 0):
 garbage-first heap   total 236544K, used 54566K [0x0000000080000000, 0x0000000100000000)
  region size 1024K, 12 young (12288K), 12 survivors (12288K)
 Metaspace       used 68539K, capacity 70115K, committed 70364K, reserved 1110016K
  class space    used 8857K, capacity 9416K, committed 9536K, reserved 1048576K
}

