# JRE version: OpenJDK Runtime Environment (11.0.8+10) (build 11.0.8+10-b944.6842174)
# Java VM: OpenJDK 64-Bit Server VM (11.0.8+10-b944.6842174, mixed mode, tiered, compressed oops, g1 gc, windows-amd64)
Heap:
 garbage-first heap   total 236544K, used 101838K [0x0000000080000000, 0x0000000100000000)
  region size 1024K, 33 young (33792K), 8 survivors (8192K)
 Metaspace       used 70315K, capacity 72129K, committed 72268K, reserved 1112064K
  class space    used 8957K, capacity 9535K, committed 9548K, reserved 1048576K
GC Heap History (20 events):
Event: 0.792 GC heap before
{Heap before GC invocations=1 (full 0):
 garbage-first heap   total 196608K, used 20000K [0x0000000080000000, 0x0000000100000000)
  region size 1024K, 14 young (14336K), 2 survivors (2048K)
 Metaspace       used 10840K, capacity 11064K, committed 11264K, reserved 1058816K
  class space    used 1145K, capacity 1201K, committed 1280K, reserved 1048576K
}
Event: 0.794 GC heap after
{Heap after GC invocations=2 (full 0):
 garbage-first heap   total 196608K, used 8843K [0x0000000080000000, 0x0000000100000000)
  region size 1024K, 1 young (1024K), 1 survivors (1024K)
 Metaspace       used 10840K, capacity 11064K, committed 11264K, reserved 1058816K
  class space    used 1145K, capacity 1201K, committed 1280K, reserved 1048576K
}
Event: 1.040 GC heap before
{Heap before GC invocations=2 (full 0):
 garbage-first heap   total 196608K, used 37515K [0x0000000080000000, 0x0000000100000000)
  region size 1024K, 30 young (30720K), 1 survivors (1024K)
 Metaspace       used 11017K, capacity 11321K, committed 11520K, reserved 1058816K
  class space    used 1147K, capacity 1201K, committed 1280K, reserved 1048576K
}
Event: 1.043 GC heap after
{Heap after GC invocations=3 (full 0):
 garbage-first heap   total 196608K, used 13198K [0x0000000080000000, 0x0000000100000000)
  region size 1024K, 4 young (4096K), 4 survivors (4096K)
 Metaspace       used 11017K, capacity 11321K, committed 11520K, reserved 1058816K
  class space    used 1147K, capacity 1201K, committed 1280K, reserved 1048576K
}
Event: 2.980 GC heap before
{Heap before GC invocations=3 (full 0):
 garbage-first heap   total 196608K, used 56206K [0x0000000080000000, 0x0000000100000000)
  region size 1024K, 46 young (47104K), 4 survivors (4096K)
 Metaspace       used 19026K, capacity 19582K, committed 19712K, reserved 1067008K
  class space    used 2300K, capacity 2469K, committed 2560K, reserved 1048576K
}
Event: 2.989 GC heap after
{Heap after GC invocations=4 (full 0):
 garbage-first heap   total 196608K, used 16038K [0x0000000080000000, 0x0000000100000000)
  region size 1024K, 3 young (3072K), 3 survivors (3072K)
 Metaspace       used 19026K, capacity 19582K, committed 19712K, reserved 1067008K
  class space    used 2300K, capacity 2469K, committed 2560K, reserved 1048576K
}
Event: 3.186 GC heap before
{Heap before GC invocations=4 (full 0):
 garbage-first heap   total 196608K, used 27302K [0x0000000080000000, 0x0000000100000000)
  region size 1024K, 15 young (15360K), 3 survivors (3072K)
 Metaspace       used 20626K, capacity 21127K, committed 21296K, reserved 1069056K
  class space    used 2524K, capacity 2691K, committed 2816K, reserved 1048576K
}
Event: 3.190 GC heap after
{Heap after GC invocations=5 (full 0):
 garbage-first heap   total 196608K, used 16442K [0x0000000080000000, 0x0000000100000000)
  region size 1024K, 4 young (4096K), 4 survivors (4096K)
 Metaspace       used 20626K, capacity 21127K, committed 21296K, reserved 1069056K
  class space    used 2524K, capacity 2691K, committed 2816K, reserved 1048576K
}
Event: 4.233 GC heap before
{Heap before GC invocations=6 (full 0):
 garbage-first heap   total 196608K, used 81978K [0x0000000080000000, 0x0000000100000000)
  region size 1024K, 60 young (61440K), 4 survivors (4096K)
 Metaspace       used 26527K, capacity 27310K, committed 27648K, reserved 1073152K
  class space    used 3467K, capacity 3729K, committed 3840K, reserved 1048576K
}
Event: 4.241 GC heap after
{Heap after GC invocations=7 (full 0):
 garbage-first heap   total 196608K, used 30586K [0x0000000080000000, 0x0000000100000000)
  region size 1024K, 8 young (8192K), 8 survivors (8192K)
 Metaspace       used 26527K, capacity 27310K, committed 27648K, reserved 1073152K
  class space    used 3467K, capacity 3729K, committed 3840K, reserved 1048576K
}
Event: 5.021 GC heap before
{Heap before GC invocations=7 (full 0):
 garbage-first heap   total 196608K, used 77690K [0x0000000080000000, 0x0000000100000000)
  region size 1024K, 56 young (57344K), 8 survivors (8192K)
 Metaspace       used 35033K, capacity 35783K, committed 35840K, reserved 1081344K
  class space    used 4540K, capacity 4831K, committed 4864K, reserved 1048576K
}
Event: 5.032 GC heap after
{Heap after GC invocations=8 (full 0):
 garbage-first heap   total 196608K, used 33938K [0x0000000080000000, 0x0000000100000000)
  region size 1024K, 9 young (9216K), 9 survivors (9216K)
 Metaspace       used 35033K, capacity 35783K, committed 35840K, reserved 1081344K
  class space    used 4540K, capacity 4831K, committed 4864K, reserved 1048576K
}
Event: 6.265 GC heap before
{Heap before GC invocations=9 (full 0):
 garbage-first heap   total 196608K, used 122002K [0x0000000080000000, 0x0000000100000000)
  region size 1024K, 85 young (87040K), 9 survivors (9216K)
 Metaspace       used 42941K, capacity 44091K, committed 44288K, reserved 1087488K
  class space    used 5429K, capacity 5804K, committed 5888K, reserved 1048576K
}
Event: 6.278 GC heap after
{Heap after GC invocations=10 (full 0):
 garbage-first heap   total 196608K, used 47865K [0x0000000080000000, 0x0000000100000000)
  region size 1024K, 10 young (10240K), 10 survivors (10240K)
 Metaspace       used 42941K, capacity 44091K, committed 44288K, reserved 1087488K
  class space    used 5429K, capacity 5804K, committed 5888K, reserved 1048576K
}
Event: 7.656 GC heap before
{Heap before GC invocations=10 (full 0):
 garbage-first heap   total 196608K, used 127737K [0x0000000080000000, 0x0000000100000000)
  region size 1024K, 89 young (91136K), 10 survivors (10240K)
 Metaspace       used 47058K, capacity 48419K, committed 48768K, reserved 1091584K
  class space    used 6001K, capacity 6430K, committed 6528K, reserved 1048576K
}
Event: 7.671 GC heap after
{Heap after GC invocations=11 (full 0):
 garbage-first heap   total 236544K, used 51520K [0x0000000080000000, 0x0000000100000000)
  region size 1024K, 5 young (5120K), 5 survivors (5120K)
 Metaspace       used 47058K, capacity 48419K, committed 48768K, reserved 1091584K
  class space    used 6001K, capacity 6430K, committed 6528K, reserved 1048576K
}
Event: 9.235 GC heap before
{Heap before GC invocations=11 (full 0):
 garbage-first heap   total 236544K, used 156992K [0x0000000080000000, 0x0000000100000000)
  region size 1024K, 104 young (106496K), 5 survivors (5120K)
 Metaspace       used 58435K, capacity 60094K, committed 60160K, reserved 1101824K
  class space    used 7420K, capacity 7927K, committed 7936K, reserved 1048576K
}
Event: 9.251 GC heap after
{Heap after GC invocations=12 (full 0):
 garbage-first heap   total 236544K, used 69603K [0x0000000080000000, 0x0000000100000000)
  region size 1024K, 14 young (14336K), 14 survivors (14336K)
 Metaspace       used 58435K, capacity 60094K, committed 60160K, reserved 1101824K
  class space    used 7420K, capacity 7927K, committed 7936K, reserved 1048576K
}
Event: 11.014 GC heap before
{Heap before GC invocations=13 (full 0):
 garbage-first heap   total 236544K, used 164835K [0x0000000080000000, 0x0000000100000000)
  region size 1024K, 107 young (109568K), 14 survivors (14336K)
 Metaspace       used 66933K, capacity 68788K, committed 68940K, reserved 1110016K
  class space    used 8381K, capacity 8954K, committed 9036K, reserved 1048576K
}
Event: 11.034 GC heap after
{Heap after GC invocations=14 (full 0):
 garbage-first heap   total 236544K, used 77262K [0x0000000080000000, 0x0000000100000000)
  region size 1024K, 8 young (8192K), 8 survivors (8192K)
 Metaspace       used 66933K, capacity 68788K, committed 68940K, reserved 1110016K
  class space    used 8381K, capacity 8954K, committed 9036K, reserved 1048576K
}

