# JRE version: OpenJDK Runtime Environment (11.0.8+10) (build 11.0.8+10-b944.6842174)
# Java VM: OpenJDK 64-Bit Server VM (11.0.8+10-b944.6842174, mixed mode, tiered, compressed oops, g1 gc, windows-amd64)
Heap:
 garbage-first heap   total 236544K, used 145768K [0x0000000080000000, 0x0000000100000000)
  region size 1024K, 79 young (80896K), 3 survivors (3072K)
 Metaspace       used 66500K, capacity 68351K, committed 68488K, reserved 1110016K
  class space    used 8333K, capacity 8894K, committed 8912K, reserved 1048576K
GC Heap History (20 events):
Event: 0.439 GC heap before
{Heap before GC invocations=0 (full 0):
 garbage-first heap   total 196608K, used 19456K [0x0000000080000000, 0x0000000100000000)
  region size 1024K, 14 young (14336K), 0 survivors (0K)
 Metaspace       used 7389K, capacity 7503K, committed 7680K, reserved 1056768K
  class space    used 674K, capacity 716K, committed 768K, reserved 1048576K
}
Event: 0.443 GC heap after
{Heap after GC invocations=1 (full 0):
 garbage-first heap   total 196608K, used 7661K [0x0000000080000000, 0x0000000100000000)
  region size 1024K, 2 young (2048K), 2 survivors (2048K)
 Metaspace       used 7389K, capacity 7503K, committed 7680K, reserved 1056768K
  class space    used 674K, capacity 716K, committed 768K, reserved 1048576K
}
Event: 0.796 GC heap before
{Heap before GC invocations=1 (full 0):
 garbage-first heap   total 196608K, used 19949K [0x0000000080000000, 0x0000000100000000)
  region size 1024K, 14 young (14336K), 2 survivors (2048K)
 Metaspace       used 10824K, capacity 11063K, committed 11264K, reserved 1058816K
  class space    used 1145K, capacity 1201K, committed 1280K, reserved 1048576K
}
Event: 0.799 GC heap after
{Heap after GC invocations=2 (full 0):
 garbage-first heap   total 196608K, used 8775K [0x0000000080000000, 0x0000000100000000)
  region size 1024K, 1 young (1024K), 1 survivors (1024K)
 Metaspace       used 10824K, capacity 11063K, committed 11264K, reserved 1058816K
  class space    used 1145K, capacity 1201K, committed 1280K, reserved 1048576K
}
Event: 1.052 GC heap before
{Heap before GC invocations=2 (full 0):
 garbage-first heap   total 196608K, used 38471K [0x0000000080000000, 0x0000000100000000)
  region size 1024K, 31 young (31744K), 1 survivors (1024K)
 Metaspace       used 11016K, capacity 11256K, committed 11520K, reserved 1058816K
  class space    used 1147K, capacity 1201K, committed 1280K, reserved 1048576K
}
Event: 1.058 GC heap after
{Heap after GC invocations=3 (full 0):
 garbage-first heap   total 196608K, used 12920K [0x0000000080000000, 0x0000000100000000)
  region size 1024K, 4 young (4096K), 4 survivors (4096K)
 Metaspace       used 11016K, capacity 11256K, committed 11520K, reserved 1058816K
  class space    used 1147K, capacity 1201K, committed 1280K, reserved 1048576K
}
Event: 2.522 GC heap before
{Heap before GC invocations=3 (full 0):
 garbage-first heap   total 196608K, used 56952K [0x0000000080000000, 0x0000000100000000)
  region size 1024K, 47 young (48128K), 4 survivors (4096K)
 Metaspace       used 19179K, capacity 19711K, committed 19968K, reserved 1067008K
  class space    used 2327K, capacity 2470K, committed 2560K, reserved 1048576K
}
Event: 2.527 GC heap after
{Heap after GC invocations=4 (full 0):
 garbage-first heap   total 196608K, used 15963K [0x0000000080000000, 0x0000000100000000)
  region size 1024K, 3 young (3072K), 3 survivors (3072K)
 Metaspace       used 19179K, capacity 19711K, committed 19968K, reserved 1067008K
  class space    used 2327K, capacity 2470K, committed 2560K, reserved 1048576K
}
Event: 2.639 GC heap before
{Heap before GC invocations=4 (full 0):
 garbage-first heap   total 196608K, used 25179K [0x0000000080000000, 0x0000000100000000)
  region size 1024K, 13 young (13312K), 3 survivors (3072K)
 Metaspace       used 20608K, capacity 21126K, committed 21296K, reserved 1069056K
  class space    used 2518K, capacity 2691K, committed 2816K, reserved 1048576K
}
Event: 2.643 GC heap after
{Heap after GC invocations=5 (full 0):
 garbage-first heap   total 196608K, used 16314K [0x0000000080000000, 0x0000000100000000)
  region size 1024K, 4 young (4096K), 4 survivors (4096K)
 Metaspace       used 20608K, capacity 21126K, committed 21296K, reserved 1069056K
  class space    used 2518K, capacity 2691K, committed 2816K, reserved 1048576K
}
Event: 3.506 GC heap before
{Heap before GC invocations=6 (full 0):
 garbage-first heap   total 196608K, used 80826K [0x0000000080000000, 0x0000000100000000)
  region size 1024K, 59 young (60416K), 4 survivors (4096K)
 Metaspace       used 26389K, capacity 27236K, committed 27392K, reserved 1073152K
  class space    used 3444K, capacity 3726K, committed 3840K, reserved 1048576K
}
Event: 3.513 GC heap after
{Heap after GC invocations=7 (full 0):
 garbage-first heap   total 196608K, used 30403K [0x0000000080000000, 0x0000000100000000)
  region size 1024K, 8 young (8192K), 8 survivors (8192K)
 Metaspace       used 26389K, capacity 27236K, committed 27392K, reserved 1073152K
  class space    used 3444K, capacity 3726K, committed 3840K, reserved 1048576K
}
Event: 4.860 GC heap before
{Heap before GC invocations=7 (full 0):
 garbage-first heap   total 196608K, used 80579K [0x0000000080000000, 0x0000000100000000)
  region size 1024K, 58 young (59392K), 8 survivors (8192K)
 Metaspace       used 35007K, capacity 35881K, committed 35920K, reserved 1081344K
  class space    used 4560K, capacity 4908K, committed 4944K, reserved 1048576K
}
Event: 4.872 GC heap after
{Heap after GC invocations=8 (full 0):
 garbage-first heap   total 196608K, used 33356K [0x0000000080000000, 0x0000000100000000)
  region size 1024K, 9 young (9216K), 9 survivors (9216K)
 Metaspace       used 35007K, capacity 35881K, committed 35920K, reserved 1081344K
  class space    used 4560K, capacity 4908K, committed 4944K, reserved 1048576K
}
Event: 6.098 GC heap before
{Heap before GC invocations=9 (full 0):
 garbage-first heap   total 196608K, used 126540K [0x0000000080000000, 0x0000000100000000)
  region size 1024K, 90 young (92160K), 9 survivors (9216K)
 Metaspace       used 42868K, capacity 44105K, committed 44368K, reserved 1087488K
  class space    used 5465K, capacity 5872K, committed 5968K, reserved 1048576K
}
Event: 6.114 GC heap after
{Heap after GC invocations=10 (full 0):
 garbage-first heap   total 236544K, used 47507K [0x0000000080000000, 0x0000000100000000)
  region size 1024K, 10 young (10240K), 10 survivors (10240K)
 Metaspace       used 42868K, capacity 44105K, committed 44368K, reserved 1087488K
  class space    used 5465K, capacity 5872K, committed 5968K, reserved 1048576K
}
Event: 8.076 GC heap before
{Heap before GC invocations=10 (full 0):
 garbage-first heap   total 236544K, used 168339K [0x0000000080000000, 0x0000000100000000)
  region size 1024K, 123 young (125952K), 10 survivors (10240K)
 Metaspace       used 50084K, capacity 51615K, committed 51664K, reserved 1093632K
  class space    used 6350K, capacity 6827K, committed 6864K, reserved 1048576K
}
Event: 8.100 GC heap after
{Heap after GC invocations=11 (full 0):
 garbage-first heap   total 236544K, used 64955K [0x0000000080000000, 0x0000000100000000)
  region size 1024K, 16 young (16384K), 16 survivors (16384K)
 Metaspace       used 50084K, capacity 51615K, committed 51664K, reserved 1093632K
  class space    used 6350K, capacity 6827K, committed 6864K, reserved 1048576K
}
Event: 9.195 GC heap before
{Heap before GC invocations=11 (full 0):
 garbage-first heap   total 236544K, used 125371K [0x0000000080000000, 0x0000000100000000)
  region size 1024K, 76 young (77824K), 16 survivors (16384K)
 Metaspace       used 58474K, capacity 60090K, committed 60296K, reserved 1101824K
  class space    used 7375K, capacity 7860K, committed 7888K, reserved 1048576K
}
Event: 9.221 GC heap after
{Heap after GC invocations=12 (full 0):
 garbage-first heap   total 236544K, used 67944K [0x0000000080000000, 0x0000000100000000)
  region size 1024K, 3 young (3072K), 3 survivors (3072K)
 Metaspace       used 58474K, capacity 60090K, committed 60296K, reserved 1101824K
  class space    used 7375K, capacity 7860K, committed 7888K, reserved 1048576K
}

